Watching for file changes with StatReloader
[nltk_data] Downloading package punkt to
[nltk_data]     C:\Users\sastra\AppData\Roaming\nltk_data...
[nltk_data]   Package punkt is already up-to-date!
[nltk_data] Downloading package stopwords to
[nltk_data]     C:\Users\sastra\AppData\Roaming\nltk_data...
[nltk_data]   Package stopwords is already up-to-date!
[nltk_data] Downloading package wordnet to
[nltk_data]     C:\Users\sastra\AppData\Roaming\nltk_data...
[nltk_data]   Package wordnet is already up-to-date!
[nltk_data] Downloading package punkt_tab to
[nltk_data]     C:\Users\sastra\AppData\Roaming\nltk_data...
[nltk_data]   Package punkt_tab is already up-to-date!
2025-10-11 02:16:16.884538: I tensorflow/core/util/port.cc:153] oneDNN custom operations are on. You may see slightly different numerical results due to floating-point round-off errors from different computation orders. To turn them off, set the environment variable `TF_ENABLE_ONEDNN_OPTS=0`.
2025-10-11 02:16:23.045198: I tensorflow/core/util/port.cc:153] oneDNN custom operations are on. You may see slightly different numerical results due to floating-point round-off errors from different computation orders. To turn them off, set the environment variable `TF_ENABLE_ONEDNN_OPTS=0`.
[nltk_data] Downloading package stopwords to
[nltk_data]     C:\Users\sastra\AppData\Roaming\nltk_data...
[nltk_data]   Package stopwords is already up-to-date!
2025-10-11 02:16:27.383200: I tensorflow/core/platform/cpu_feature_guard.cc:210] This TensorFlow binary is optimized to use available CPU instructions in performance-critical operations.
To enable the following instructions: SSE3 SSE4.1 SSE4.2 AVX AVX2 FMA, in other operations, rebuild TensorFlow with the appropriate compiler flags.
Exception in thread django-main-thread:
Traceback (most recent call last):
  File "C:\Windows\system32\SALVO-Website\salvo_website\drawapp\views.py", line 273, in <module>
    print(f"\u2705 Loaded model: {f}")
  File "C:\Users\sastra\AppData\Local\Programs\Python\Python310\lib\encodings\cp1252.py", line 19, in encode
    return codecs.charmap_encode(input,self.errors,encoding_table)[0]
UnicodeEncodeError: 'charmap' codec can't encode character '\u2705' in position 0: character maps to <undefined>

During handling of the above exception, another exception occurred:

Traceback (most recent call last):
  File "C:\Users\sastra\AppData\Local\Programs\Python\Python310\lib\threading.py", line 1016, in _bootstrap_inner
    self.run()
  File "C:\Users\sastra\AppData\Local\Programs\Python\Python310\lib\threading.py", line 953, in run
    self._target(*self._args, **self._kwargs)
  File "C:\Users\sastra\AppData\Local\Programs\Python\Python310\lib\site-packages\django\utils\autoreload.py", line 64, in wrapper
    fn(*args, **kwargs)
  File "C:\Users\sastra\AppData\Local\Programs\Python\Python310\lib\site-packages\django\core\management\commands\runserver.py", line 134, in inner_run
    self.check(**check_kwargs)
  File "C:\Users\sastra\AppData\Local\Programs\Python\Python310\lib\site-packages\django\core\management\base.py", line 492, in check
    all_issues = checks.run_checks(
  File "C:\Users\sastra\AppData\Local\Programs\Python\Python310\lib\site-packages\django\core\checks\registry.py", line 89, in run_checks
    new_errors = check(app_configs=app_configs, databases=databases)
  File "C:\Users\sastra\AppData\Local\Programs\Python\Python310\lib\site-packages\django\core\checks\urls.py", line 44, in check_url_namespaces_unique
    all_namespaces = _load_all_namespaces(resolver)
  File "C:\Users\sastra\AppData\Local\Programs\Python\Python310\lib\site-packages\django\core\checks\urls.py", line 63, in _load_all_namespaces
    url_patterns = getattr(resolver, "url_patterns", [])
  File "C:\Users\sastra\AppData\Local\Programs\Python\Python310\lib\site-packages\django\utils\functional.py", line 47, in __get__
    res = instance.__dict__[self.name] = self.func(instance)
  File "C:\Users\sastra\AppData\Local\Programs\Python\Python310\lib\site-packages\django\urls\resolvers.py", line 718, in url_patterns
    patterns = getattr(self.urlconf_module, "urlpatterns", self.urlconf_module)
  File "C:\Users\sastra\AppData\Local\Programs\Python\Python310\lib\site-packages\django\utils\functional.py", line 47, in __get__
    res = instance.__dict__[self.name] = self.func(instance)
  File "C:\Users\sastra\AppData\Local\Programs\Python\Python310\lib\site-packages\django\urls\resolvers.py", line 711, in urlconf_module
    return import_module(self.urlconf_name)
  File "C:\Users\sastra\AppData\Local\Programs\Python\Python310\lib\importlib\__init__.py", line 126, in import_module
    return _bootstrap._gcd_import(name[level:], package, level)
  File "<frozen importlib._bootstrap>", line 1050, in _gcd_import
  File "<frozen importlib._bootstrap>", line 1027, in _find_and_load
  File "<frozen importlib._bootstrap>", line 1006, in _find_and_load_unlocked
  File "<frozen importlib._bootstrap>", line 688, in _load_unlocked
  File "<frozen importlib._bootstrap_external>", line 883, in exec_module
  File "<frozen importlib._bootstrap>", line 241, in _call_with_frames_removed
  File "C:\Windows\system32\SALVO-Website\salvo_website\salvo_website\urls.py", line 25, in <module>
    from drawapp import views
  File "C:\Windows\system32\SALVO-Website\salvo_website\drawapp\views.py", line 275, in <module>
    print(f"\u274c Failed to load model {f}: {e}")
  File "C:\Users\sastra\AppData\Local\Programs\Python\Python310\lib\encodings\cp1252.py", line 19, in encode
    return codecs.charmap_encode(input,self.errors,encoding_table)[0]
UnicodeEncodeError: 'charmap' codec can't encode character '\u274c' in position 0: character maps to <undefined>
